
  0%|                                                                                                                                                                  | 0/2997 [00:00<?, ?it/s]

  0%|                                                                                                                                                        | 1/2997 [00:04<3:32:51,  4.26s/it]

  0%|                                                                                                                                                        | 2/2997 [00:07<3:08:49,  3.78s/it]

  0%|▏                                                                                                                                                       | 3/2997 [00:11<3:00:04,  3.61s/it]

  0%|▏                                                                                                                                                       | 4/2997 [00:14<2:55:26,  3.52s/it]

  0%|▎                                                                                                                                                       | 5/2997 [00:17<2:53:39,  3.48s/it]

  0%|▎                                                                                                                                                       | 6/2997 [00:21<2:52:38,  3.46s/it]

  0%|▎                                                                                                                                                       | 7/2997 [00:24<2:51:36,  3.44s/it]

  0%|▍                                                                                                                                                       | 8/2997 [00:28<2:51:11,  3.44s/it]

  0%|▍                                                                                                                                                       | 9/2997 [00:31<2:50:47,  3.43s/it]

  0%|▌                                                                                                                                                      | 10/2997 [00:34<2:50:28,  3.42s/it]


  0%|▌                                                                                                                                                      | 12/2997 [00:41<2:50:16,  3.42s/it]
The background image is not RGBA

  0%|▋                                                                                                                                                      | 13/2997 [00:45<2:50:00,  3.42s/it]

  0%|▋                                                                                                                                                      | 14/2997 [00:48<2:49:33,  3.41s/it]

  1%|▊                                                                                                                                                      | 15/2997 [00:51<2:47:45,  3.38s/it]
The background image is not RGBA
############### height가 1 보다 작음 ##################

  1%|▊                                                                                                                                                      | 16/2997 [00:55<2:46:52,  3.36s/it]

  1%|▊                                                                                                                                                      | 17/2997 [00:58<2:46:09,  3.35s/it]

  1%|▉                                                                                                                                                      | 18/2997 [01:01<2:46:05,  3.35s/it]

  1%|▉                                                                                                                                                      | 19/2997 [01:05<2:45:31,  3.33s/it]


  1%|█                                                                                                                                                      | 21/2997 [01:11<2:45:01,  3.33s/it]
The background image is not RGBA

  1%|█                                                                                                                                                      | 22/2997 [01:15<2:44:59,  3.33s/it]


  1%|█▏                                                                                                                                                     | 24/2997 [01:21<2:44:45,  3.33s/it]
The background image is not RGBA

  1%|█▎                                                                                                                                                     | 25/2997 [01:25<2:45:08,  3.33s/it]


  1%|█▎                                                                                                                                                     | 27/2997 [01:31<2:44:56,  3.33s/it]
The background image is not RGBA

  1%|█▍                                                                                                                                                     | 28/2997 [01:35<2:44:56,  3.33s/it]


  1%|█▌                                                                                                                                                     | 30/2997 [01:41<2:44:42,  3.33s/it]
The background image is not RGBA

  1%|█▌                                                                                                                                                     | 31/2997 [01:45<2:44:49,  3.33s/it]


  1%|█▋                                                                                                                                                     | 33/2997 [01:51<2:44:38,  3.33s/it]
The background image is not RGBA

  1%|█▋                                                                                                                                                     | 34/2997 [01:55<2:45:11,  3.35s/it]


  1%|█▊                                                                                                                                                     | 36/2997 [02:01<2:45:11,  3.35s/it]
The background image is not RGBA

  1%|█▊                                                                                                                                                     | 37/2997 [02:05<2:44:53,  3.34s/it]


  1%|█▉                                                                                                                                                     | 39/2997 [02:11<2:43:47,  3.32s/it]
The background image is not RGBA
############### height가 1 보다 작음 ##################

  1%|██                                                                                                                                                     | 40/2997 [02:15<2:44:07,  3.33s/it]

  1%|██                                                                                                                                                     | 41/2997 [02:18<2:46:28,  3.38s/it]

  1%|██                                                                                                                                                     | 42/2997 [02:22<2:47:41,  3.40s/it]

  1%|██▏                                                                                                                                                    | 43/2997 [02:25<2:48:55,  3.43s/it]

  1%|██▏                                                                                                                                                    | 44/2997 [02:29<2:49:17,  3.44s/it]

  2%|██▎                                                                                                                                                    | 45/2997 [02:32<2:51:11,  3.48s/it]

  2%|██▎                                                                                                                                                    | 46/2997 [02:36<2:51:59,  3.50s/it]

  2%|██▎                                                                                                                                                    | 47/2997 [02:39<2:52:28,  3.51s/it]

  2%|██▍                                                                                                                                                    | 48/2997 [02:43<2:54:19,  3.55s/it]

  2%|██▍                                                                                                                                                    | 49/2997 [02:47<2:55:26,  3.57s/it]


  2%|██▌                                                                                                                                                    | 51/2997 [02:53<2:52:51,  3.52s/it]
The background image is not RGBA

  2%|██▌                                                                                                                                                    | 52/2997 [02:57<2:52:27,  3.51s/it]
  2%|██▌                                                                                                                                                    | 52/2997 [03:01<2:50:51,  3.48s/it]
Traceback (most recent call last):
  File "/home/mineslab-ubuntu/anaconda3/envs/DLT/lib/python3.9/site-packages/PIL/ImageFile.py", line 515, in _save
    fh = fp.fileno()
AttributeError: '_idat' object has no attribute 'fileno'
During handling of the above exception, another exception occurred:
Traceback (most recent call last):
  File "/home/mineslab-ubuntu/KDH_CAL2/dlt/inference.py", line 277, in <module>
    app.run(main)
  File "/home/mineslab-ubuntu/anaconda3/envs/DLT/lib/python3.9/site-packages/absl/app.py", line 308, in run
    _run_main(main, args)
  File "/home/mineslab-ubuntu/anaconda3/envs/DLT/lib/python3.9/site-packages/absl/app.py", line 254, in _run_main
    sys.exit(main(argv))
  File "/home/mineslab-ubuntu/KDH_CAL2/dlt/inference.py", line 217, in main
    collage.save(save_file_name)
  File "/home/mineslab-ubuntu/anaconda3/envs/DLT/lib/python3.9/site-packages/PIL/Image.py", line 2413, in save
    save_handler(self, fp, filename)
  File "/home/mineslab-ubuntu/anaconda3/envs/DLT/lib/python3.9/site-packages/PIL/PngImagePlugin.py", line 1398, in _save
    ImageFile._save(im, _idat(fp, chunk), [("zip", (0, 0) + im.size, 0, rawmode)])
  File "/home/mineslab-ubuntu/anaconda3/envs/DLT/lib/python3.9/site-packages/PIL/ImageFile.py", line 519, in _save
    _encode_tile(im, fp, tile, bufsize, None, exc)
  File "/home/mineslab-ubuntu/anaconda3/envs/DLT/lib/python3.9/site-packages/PIL/ImageFile.py", line 538, in _encode_tile
    errcode, data = encoder.encode(bufsize)[1:]
KeyboardInterrupt